{
  message: 'Database connected',
  level: 'info',
  label: 'PH😊',
  timestamp: '2023-06-10T12:43:41.848Z'
}
{
  message: 'Example app listening on port 5000',
  level: 'info',
  label: 'PH😊',
  timestamp: '2023-06-10T12:43:41.856Z'
}
{
  message: 'Database connected',
  level: 'info',
  label: 'PH😊',
  timestamp: '2023-06-10T12:44:23.621Z'
}
{
  message: 'Example app listening on port 5000',
  level: 'info',
  label: 'PH😊',
  timestamp: '2023-06-10T12:44:23.633Z'
}
{
  message: 'Database connected',
  level: 'info',
  label: 'PH😊',
  timestamp: '2023-06-10T12:46:02.602Z'
}
{
  message: 'Example app listening on port 5000',
  level: 'info',
  label: 'PH😊',
  timestamp: '2023-06-10T12:46:02.612Z'
}
{
  message: 'Database connected',
  level: 'info',
  label: 'PH😊',
  timestamp: '2023-06-10T12:46:20.009Z'
}
{
  message: 'Example app listening on port 5000',
  level: 'info',
  label: 'PH😊',
  timestamp: '2023-06-10T12:46:20.019Z'
}
{
  message: 'Database connected',
  level: 'info',
  label: 'PH😊',
  timestamp: '2023-06-10T12:46:51.477Z'
}
{
  message: 'Example app listening on port 5000',
  level: 'info',
  label: 'PH😊',
  timestamp: '2023-06-10T12:46:51.489Z'
}
